#
# There is insufficient memory for the Java Runtime Environment to continue.
# Native memory allocation (malloc) failed to allocate 1048576 bytes for E in C:\jdk7u2_64p\jdk7u4\hotspot\src\share\vm\utilities/taskqueue.hpp
# Possible reasons:
#   The system is out of physical RAM or swap space
#   In 32 bit mode, the process size limit was hit
# Possible solutions:
#   Reduce memory load on the system
#   Increase physical memory or swap space
#   Check if swap backing store is full
#   Use 64 bit Java on a 64 bit OS
#   Decrease Java heap size (-Xmx/-Xms)
#   Decrease number of Java threads
#   Decrease Java thread stack sizes (-Xss)
#   Set larger code cache with -XX:ReservedCodeCacheSize=
# This output file may be truncated or incomplete.
#
#  Out of Memory Error (memory/allocation.inline.hpp:58), pid=30680, tid=46004
#
# JRE version: 7.0_04-b22
# Java VM: Java HotSpot(TM) 64-Bit Server VM (23.0-b21 mixed mode windows-amd64 compressed oops)
# Failed to write core dump. Minidumps are not enabled by default on client versions of Windows
#

---------------  T H R E A D  ---------------

Current thread (0x00000000021bd800):  JavaThread "Unknown thread" [_thread_in_vm, id=46004, stack(0x0000000001fe0000,0x00000000020e0000)]

Stack: [0x0000000001fe0000,0x00000000020e0000]

---------------  P R O C E S S  ---------------

Java Threads: ( => current thread )

Other Threads:

=>0x00000000021bd800 (exited) JavaThread "Unknown thread" [_thread_in_vm, id=46004, stack(0x0000000001fe0000,0x00000000020e0000)]

VM state:not at safepoint (normal execution)

VM Mutex/Monitor currently owned by a thread: None

Heap
 PSYoungGen      total 18816K, used 322K [0x00000000eaf60000, 0x00000000ec460000, 0x0000000000000000)
  eden space 16128K, 2% used [0x00000000eaf60000,0x00000000eafb0aa8,0x00000000ebf20000)
  from space 2688K, 0% used [0x00000000ec1c0000,0x00000000ec1c0000,0x00000000ec460000)
  to   space 2688K, 0% used [0x00000000ebf20000,0x00000000ebf20000,0x00000000ec1c0000)
 ParOldGen       total 43072K, used 0K [0x00000000c0e00000, 0x00000000c3810000, 0x00000000eaf60000)
  object space 43072K, 0% used [0x00000000c0e00000,0x00000000c0e00000,0x00000000c3810000)
 PSPermGen       total 21248K, used 678K [0x00000000bbc00000, 0x00000000bd0c0000, 0x00000000c0e00000)
  object space 21248K, 3% used [0x00000000bbc00000,0x00000000bbca9a00,0x00000000bd0c0000)

Code Cache  [0x00000000022c0000, 0x0000000002530000, 0x00000000052c0000)
 total_blobs=39 nmethods=0 adapters=20 free_code_cache=48889Kb largest_free_block=50062912

Compilation events (0 events):
No events

GC Heap History (0 events):
No events

Deoptimization events (0 events):
No events

Internal exceptions (0 events):
No events

Events (10 events):
Event: 0.031 loading class 0x00000000021d0c20
Event: 0.032 loading class 0x00000000021d0c20 done
Event: 0.032 loading class 0x00000000021d0b60
Event: 0.032 loading class 0x00000000021d0b60 done
Event: 0.032 loading class 0x00000000021d0a70
Event: 0.032 loading class 0x00000000021d0a70 done
Event: 0.033 loading class 0x0000000002209d90
Event: 0.033 loading class 0x0000000002209d90 done
Event: 0.033 loading class 0x00000000022090d0
Event: 0.033 loading class 0x00000000022090d0 done


Dynamic libraries:
0x0000000085c60000 - 0x0000000085c94000 	C:\Program Files\Java\jre7\bin\javaw.exe
0x00000000e5210000 - 0x00000000e53d1000 	C:\Windows\SYSTEM32\ntdll.dll
0x00000000e4ee0000 - 0x00000000e4f8d000 	C:\Windows\system32\KERNEL32.DLL
0x00000000e1a10000 - 0x00000000e1bf8000 	C:\Windows\system32\KERNELBASE.dll
0x00000000e2c90000 - 0x00000000e2d37000 	C:\Windows\system32\ADVAPI32.dll
0x00000000e2730000 - 0x00000000e27cd000 	C:\Windows\system32\msvcrt.dll
0x00000000e31f0000 - 0x00000000e324b000 	C:\Windows\system32\sechost.dll
0x00000000e2610000 - 0x00000000e272c000 	C:\Windows\system32\RPCRT4.dll
0x00000000e29d0000 - 0x00000000e2b26000 	C:\Windows\system32\USER32.dll
0x00000000e2840000 - 0x00000000e29c6000 	C:\Windows\system32\GDI32.dll
0x00000000dcc50000 - 0x00000000dcec4000 	C:\Windows\WinSxS\amd64_microsoft.windows.common-controls_6595b64144ccf1df_6.0.10586.0_none_8c15ae12515e1c22\COMCTL32.dll
0x00000000e2d40000 - 0x00000000e2fbd000 	C:\Windows\system32\combase.dll
0x00000000e19a0000 - 0x00000000e1a0a000 	C:\Windows\system32\bcryptPrimitives.dll
0x00000000e3820000 - 0x00000000e385b000 	C:\Windows\system32\IMM32.DLL
0x0000000061550000 - 0x0000000061621000 	C:\Program Files\Java\jre7\bin\msvcr100.dll
0x0000000060e30000 - 0x000000006154a000 	C:\Program Files\Java\jre7\bin\server\jvm.dll
0x00000000e3380000 - 0x00000000e3388000 	C:\Windows\system32\PSAPI.DLL
0x00000000dbd80000 - 0x00000000dbd89000 	C:\Windows\SYSTEM32\WSOCK32.dll
0x00000000e5140000 - 0x00000000e51ab000 	C:\Windows\system32\WS2_32.dll
0x00000000dfa10000 - 0x00000000dfa33000 	C:\Windows\SYSTEM32\WINMM.dll
0x0000000001f30000 - 0x0000000001f5c000 	C:\Windows\SYSTEM32\WINMMBASE.dll
0x00000000e1c00000 - 0x00000000e1c43000 	C:\Windows\system32\cfgmgr32.dll
0x0000000060e20000 - 0x0000000060e2f000 	C:\Program Files\Java\jre7\bin\verify.dll
0x0000000060df0000 - 0x0000000060e18000 	C:\Program Files\Java\jre7\bin\java.dll
0x0000000060dd0000 - 0x0000000060de5000 	C:\Program Files\Java\jre7\bin\zip.dll

VM Arguments:
jvm_args: -Dfile.encoding=Cp1252 
java_command: SnakesAndLaddersStart
Launcher Type: SUN_STANDARD

Environment Variables:
PATH=C:\Windows\system32;C:\Windows;C:\Windows\System32\Wbem;C:\Windows\System32\WindowsPowerShell\v1.0\;C:\Program Files\Java\jdk1.7.0_04\bin;C:\Program Files (x86)\Skype\Phone\
USERNAME=ABC
OS=Windows_NT
PROCESSOR_IDENTIFIER=Intel64 Family 6 Model 69 Stepping 1, GenuineIntel



---------------  S Y S T E M  ---------------

OS: Windows NT 6.2 Build 9200 

CPU:total 4 (2 cores per cpu, 2 threads per core) family 6 model 69 stepping 1, cmov, cx8, fxsr, mmx, sse, sse2, sse3, ssse3, sse4.1, sse4.2, popcnt, avx, avx2, ht, tsc, tscinvbit

Memory: 4k page, physical 4129068k(655252k free), swap 16711980k(7948k free)

vm_info: Java HotSpot(TM) 64-Bit Server VM (23.0-b21) for windows-amd64 JRE (1.7.0_04-b22), built on May  2 2012 23:28:26 by "java_re" with unknown MS VC++:1600

time: Sun Apr 17 13:25:36 2016
elapsed time: 0 seconds

